<?xml version="1.0" encoding="UTF-8"?>
<!DOCTYPE suite SYSTEM "http://testng.org/testng-1.0.dtd" >
<suite name="Simple UI App System Tests" verbose="1">
    <test name="Test CRUD operations">
        <classes>
            <class name="TestHome" />
        </classes>
    </test>
</suite>